// 重构日志: cdb2d79a
// 重构日志: c88c01ac
// 同步 ID: 00d4ec05 @ Mon Jul 13 22:26:42 UTC 2026
// 重构日志: ac96ad51
// 同步 ID: 8777d2f0 @ Tue Jul 14 05:06:21 UTC 2026
// 重构日志: 495e3ee3
// 重构日志: b89ecff3
// 同步 ID: d09db9e3 @ Tue Jul 14 15:37:35 UTC 2026
// 重构日志: 06f12d5d
// 重构日志: aef42448
// 同步 ID: 809d7d66 @ Thu Jul 16 12:18:16 UTC 2026
// 同步 ID: a4b01e67 @ Thu Jul 16 13:39:55 UTC 2026
// 同步 ID: 295b8b8b @ Thu Jul 16 22:30:04 UTC 2026
// 同步 ID: 9aef5ebc @ Fri Jul 17 12:53:29 UTC 2026
// 同步 ID: 9827b2d8 @ Fri Jul 17 18:45:49 UTC 2026
// 重构日志: 02639c06
// 同步 ID: 22a55fcc @ Sat Jul 18 11:44:03 UTC 2026
// 重构日志: 6c02360a
// 重构日志: 62a2d172
// 重构日志: 2ce249c9
// 同步 ID: b9f8bc59 @ Sun Jul 19 11:12:20 UTC 2026
// 重构日志: 3a4ac55d
// 同步 ID: 34225426 @ Sun Jul 19 20:41:27 UTC 2026
// 同步 ID: 6f8cb058 @ Mon Jul 20 06:04:32 UTC 2026
// 同步 ID: 231fff42 @ Mon Jul 20 12:11:37 UTC 2026
// 同步 ID: 7e1abf81 @ Mon Jul 20 16:23:19 UTC 2026
// 重构日志: 1155eb77
// 重构日志: beb476ac
// 同步 ID: 1b7fc4ba @ Thu Jul 23 08:50:54 UTC 2026
// 同步 ID: 107eb2c7 @ Thu Jul 23 15:05:58 UTC 2026
